[debug] [2020-03-10T21:04:14.330Z] ----------------------------------------------------------------------
[debug] [2020-03-10T21:04:14.333Z] Command:       /usr/local/bin/node /Users/xaviermorales/.npm/_npx/984/bin/firebase deploy --only functions
[debug] [2020-03-10T21:04:14.333Z] CLI Version:   7.14.0
[debug] [2020-03-10T21:04:14.333Z] Platform:      darwin
[debug] [2020-03-10T21:04:14.333Z] Node Version:  v11.2.0
[debug] [2020-03-10T21:04:14.334Z] Time:          Tue Mar 10 2020 15:04:14 GMT-0600 (GMT-06:00)
[debug] [2020-03-10T21:04:14.334Z] ----------------------------------------------------------------------
[debug] [2020-03-10T21:04:14.334Z] 
[debug] [2020-03-10T21:04:15.708Z] > command requires scopes: ["email","openid","https://www.googleapis.com/auth/cloudplatformprojects.readonly","https://www.googleapis.com/auth/firebase","https://www.googleapis.com/auth/cloud-platform"]
[debug] [2020-03-10T21:04:15.709Z] > authorizing via signed-in user
[debug] [2020-03-10T21:04:15.709Z] [iam] checking project reclus-9c487 for permissions ["cloudfunctions.functions.create","cloudfunctions.functions.delete","cloudfunctions.functions.get","cloudfunctions.functions.list","cloudfunctions.functions.update","cloudfunctions.operations.get","firebase.projects.get"]
[debug] [2020-03-10T21:04:15.712Z] > refreshing access token with scopes: ["email","https://www.googleapis.com/auth/cloud-platform","https://www.googleapis.com/auth/cloudplatformprojects.readonly","https://www.googleapis.com/auth/firebase","openid"]
[debug] [2020-03-10T21:04:15.713Z] >>> HTTP REQUEST POST https://www.googleapis.com/oauth2/v3/token  
 <request body omitted>
[debug] [2020-03-10T21:04:17.215Z] <<< HTTP RESPONSE 200
[debug] [2020-03-10T21:04:20.086Z] >>> HTTP REQUEST POST https://cloudresourcemanager.googleapis.com/v1/projects/reclus-9c487:testIamPermissions  

[debug] [2020-03-10T21:04:24.042Z] <<< HTTP RESPONSE 200
[info] 
[info] === Deploying to 'reclus-9c487'...
[info] 
[info] i  deploying functions
[debug] [2020-03-10T21:06:59.037Z] > [functions] package.json contents: {
  "name": "functions",
  "description": "Cloud Functions for Firebase",
  "scripts": {
    "serve": "firebase emulators:start --only functions",
    "shell": "firebase functions:shell",
    "start": "npm run shell",
    "deploy": "firebase deploy --only functions",
    "logs": "firebase functions:log"
  },
  "engines": {
    "node": "8"
  },
  "dependencies": {
    "firebase-admin": "^8.6.0",
    "firebase-functions": "^3.3.0",
    "nodemailer": "^6.4.4"
  },
  "devDependencies": {
    "firebase-functions-test": "^0.1.6"
  },
  "private": true
}
[info] i  functions: ensuring necessary APIs are enabled...
[debug] [2020-03-10T21:06:59.038Z] >>> HTTP REQUEST GET https://serviceusage.googleapis.com/v1/projects/reclus-9c487/services/cloudfunctions.googleapis.com  
 
[debug] [2020-03-10T21:06:59.040Z] >>> HTTP REQUEST GET https://serviceusage.googleapis.com/v1/projects/reclus-9c487/services/runtimeconfig.googleapis.com  
 
[debug] [2020-03-10T21:06:59.641Z] <<< HTTP RESPONSE 200
[debug] [2020-03-10T21:06:59.676Z] <<< HTTP RESPONSE 200
[info] ✔  functions: all necessary APIs are enabled
[debug] [2020-03-10T21:06:59.677Z] >>> HTTP REQUEST GET https://firebase.googleapis.com/v1beta1/projects/reclus-9c487/adminSdkConfig  
 
[debug] [2020-03-10T21:06:59.943Z] <<< HTTP RESPONSE 200
[info] i  functions: preparing functions directory for uploading...
[debug] [2020-03-10T21:06:59.946Z] >>> HTTP REQUEST GET https://runtimeconfig.googleapis.com/v1beta1/projects/reclus-9c487/configs  
 
[debug] [2020-03-10T21:07:00.305Z] <<< HTTP RESPONSE 200
[error] 
[error] Error: Error occurred while parsing your function triggers.

/Applications/XAMPP/xamppfiles/htdocs/reclutamiento/functions/index.js:24
    console.log(aqui+" "+email+" "name);
                               ^^^

SyntaxError: missing ) after argument list
    at new Script (vm.js:83:7)
    at createScript (vm.js:267:10)
    at Object.runInThisContext (vm.js:319:10)
    at Module._compile (internal/modules/cjs/loader.js:685:28)
    at Object.Module._extensions..js (internal/modules/cjs/loader.js:733:10)
    at Module.load (internal/modules/cjs/loader.js:620:32)
    at tryModuleLoad (internal/modules/cjs/loader.js:560:12)
    at Function.Module._load (internal/modules/cjs/loader.js:552:3)
    at Module.require (internal/modules/cjs/loader.js:658:17)
    at require (internal/modules/cjs/helpers.js:22:18)
[debug] [2020-03-10T21:39:01.651Z] ----------------------------------------------------------------------
[debug] [2020-03-10T21:39:01.654Z] Command:       /usr/local/bin/node /Users/xaviermorales/.npm/_npx/1067/bin/firebase deploy --only functions
[debug] [2020-03-10T21:39:01.654Z] CLI Version:   7.14.0
[debug] [2020-03-10T21:39:01.654Z] Platform:      darwin
[debug] [2020-03-10T21:39:01.654Z] Node Version:  v11.2.0
[debug] [2020-03-10T21:39:02.087Z] Time:          Tue Mar 10 2020 15:39:01 GMT-0600 (GMT-06:00)
[debug] [2020-03-10T21:39:02.087Z] ----------------------------------------------------------------------
[debug] [2020-03-10T21:39:02.087Z] 
[debug] [2020-03-10T21:39:02.940Z] > command requires scopes: ["email","openid","https://www.googleapis.com/auth/cloudplatformprojects.readonly","https://www.googleapis.com/auth/firebase","https://www.googleapis.com/auth/cloud-platform"]
[debug] [2020-03-10T21:39:02.940Z] > authorizing via signed-in user
[debug] [2020-03-10T21:39:02.941Z] [iam] checking project reclus-9c487 for permissions ["cloudfunctions.functions.create","cloudfunctions.functions.delete","cloudfunctions.functions.get","cloudfunctions.functions.list","cloudfunctions.functions.update","cloudfunctions.operations.get","firebase.projects.get"]
[debug] [2020-03-10T21:39:02.943Z] >>> HTTP REQUEST POST https://cloudresourcemanager.googleapis.com/v1/projects/reclus-9c487:testIamPermissions  

[debug] [2020-03-10T21:39:06.072Z] <<< HTTP RESPONSE 200
[info] 
[info] === Deploying to 'reclus-9c487'...
[info] 
[info] i  deploying functions
[debug] [2020-03-10T21:42:44.203Z] > [functions] package.json contents: {
  "name": "functions",
  "description": "Cloud Functions for Firebase",
  "scripts": {
    "serve": "firebase emulators:start --only functions",
    "shell": "firebase functions:shell",
    "start": "npm run shell",
    "deploy": "firebase deploy --only functions",
    "logs": "firebase functions:log"
  },
  "engines": {
    "node": "8"
  },
  "dependencies": {
    "firebase-admin": "^8.6.0",
    "firebase-functions": "^3.3.0",
    "nodemailer": "^6.4.4"
  },
  "devDependencies": {
    "firebase-functions-test": "^0.1.6"
  },
  "private": true
}
[info] i  functions: ensuring necessary APIs are enabled...
[debug] [2020-03-10T21:42:44.205Z] >>> HTTP REQUEST GET https://serviceusage.googleapis.com/v1/projects/reclus-9c487/services/cloudfunctions.googleapis.com  
 
[debug] [2020-03-10T21:42:44.206Z] >>> HTTP REQUEST GET https://serviceusage.googleapis.com/v1/projects/reclus-9c487/services/runtimeconfig.googleapis.com  
 
[debug] [2020-03-10T21:42:45.407Z] <<< HTTP RESPONSE 200
[debug] [2020-03-10T21:42:45.478Z] <<< HTTP RESPONSE 200
[info] ✔  functions: all necessary APIs are enabled
[debug] [2020-03-10T21:42:45.479Z] >>> HTTP REQUEST GET https://firebase.googleapis.com/v1beta1/projects/reclus-9c487/adminSdkConfig  
 
[debug] [2020-03-10T21:42:45.840Z] <<< HTTP RESPONSE 200
[info] i  functions: preparing functions directory for uploading...
[debug] [2020-03-10T21:42:45.845Z] >>> HTTP REQUEST GET https://runtimeconfig.googleapis.com/v1beta1/projects/reclus-9c487/configs  
 
[debug] [2020-03-10T21:42:46.231Z] <<< HTTP RESPONSE 200
[info] i  functions: packaged functions (27 KB) for uploading
[debug] [2020-03-10T21:43:16.965Z] >>> HTTP REQUEST POST https://cloudfunctions.googleapis.com/v1/projects/reclus-9c487/locations/us-central1/functions:generateUploadUrl  
 
[debug] [2020-03-10T21:43:17.661Z] <<< HTTP RESPONSE 200
[debug] [2020-03-10T21:43:17.662Z] >>> HTTP REQUEST PUT https://storage.googleapis.com/gcf-upload-us-central1-ad78c19d-6472-4475-8eeb-fc73c3f6bff0/73028003-db83-4e57-9550-faf080bf8556.zip?GoogleAccessId=service-124243341572@gcf-admin-robot.iam.gserviceaccount.com&Expires=1583878397&Signature=Ys9PlhqQp%2BLz%2FXFUaNdQqn3UreB1Vq136pRqajimvMlJ%2FBHeJNwJYcQB5OJmoVfAZkejsU1zC5h7WGOib1KHUAMPdtB1BQDJkvcyoWiVd%2BGIxteEktUFCduz9SgAMS%2BPL%2FQxeyWuj8DHICs2dnxT%2F4ntQn3ZmEjvfuTos94tsdHrdMxyQo%2FV3ks5tQ5vaely%2BoSCrx2YcU%2BSfFTrwKIbst08q0lNOCMeunJdq1r6X9%2BeZSiFi6LKNm40ShApG8RWIC8Kx7S%2FvxWlAsMBeWEI9O1u68Hc2pmX77eIojs4B%2B1KTWyBXXvD9wZGUskxZLfkE8jI8nHbRCDty2%2BiguvBgA%3D%3D  
 <request body omitted>
[debug] [2020-03-10T21:43:19.156Z] <<< HTTP RESPONSE 200
[info] ✔  functions: functions folder uploaded successfully
[debug] [2020-03-10T21:43:19.159Z] >>> HTTP REQUEST GET https://cloudfunctions.googleapis.com/v1/projects/reclus-9c487/locations/-/functions  
 
[debug] [2020-03-10T21:43:19.619Z] <<< HTTP RESPONSE 200
[info] i  functions: creating Node.js 8 function welcomeMail1(us-central1)...
[debug] [2020-03-10T21:43:19.621Z] Trigger is:  {"eventTrigger":{"resource":"projects/reclus-9c487/databases/(default)/documents/bienvenida/{id}","eventType":"providers/cloud.firestore/eventTypes/document.create","service":"firestore.googleapis.com"}}
[debug] [2020-03-10T21:43:19.622Z] >>> HTTP REQUEST GET https://serviceusage.googleapis.com/v1/projects/reclus-9c487/services/cloudscheduler.googleapis.com  
 
[debug] [2020-03-10T21:43:20.438Z] <<< HTTP RESPONSE 200
[debug] [2020-03-10T21:43:20.441Z] >>> HTTP REQUEST POST https://cloudfunctions.googleapis.com/v1/projects/reclus-9c487/locations/us-central1/functions  

[debug] [2020-03-10T21:43:21.148Z] <<< HTTP RESPONSE 200
[debug] [2020-03-10T21:43:21.150Z] >>> HTTP REQUEST GET https://cloudfunctions.googleapis.com/v1/operations/cmVjbHVzLTljNDg3L3VzLWNlbnRyYWwxL3dlbGNvbWVNYWlsMS96X3g3bGExV1BDVQ  
 
[debug] [2020-03-10T21:43:21.514Z] <<< HTTP RESPONSE 200
[debug] [2020-03-10T21:43:23.519Z] >>> HTTP REQUEST GET https://cloudfunctions.googleapis.com/v1/operations/cmVjbHVzLTljNDg3L3VzLWNlbnRyYWwxL3dlbGNvbWVNYWlsMS96X3g3bGExV1BDVQ  
 
[debug] [2020-03-10T21:43:23.911Z] <<< HTTP RESPONSE 200
[debug] [2020-03-10T21:43:25.913Z] >>> HTTP REQUEST GET https://cloudfunctions.googleapis.com/v1/operations/cmVjbHVzLTljNDg3L3VzLWNlbnRyYWwxL3dlbGNvbWVNYWlsMS96X3g3bGExV1BDVQ  
 
[debug] [2020-03-10T21:43:26.106Z] <<< HTTP RESPONSE 200
[debug] [2020-03-10T21:43:28.110Z] >>> HTTP REQUEST GET https://cloudfunctions.googleapis.com/v1/operations/cmVjbHVzLTljNDg3L3VzLWNlbnRyYWwxL3dlbGNvbWVNYWlsMS96X3g3bGExV1BDVQ  
 
[debug] [2020-03-10T21:43:28.285Z] <<< HTTP RESPONSE 200
[debug] [2020-03-10T21:43:30.290Z] >>> HTTP REQUEST GET https://cloudfunctions.googleapis.com/v1/operations/cmVjbHVzLTljNDg3L3VzLWNlbnRyYWwxL3dlbGNvbWVNYWlsMS96X3g3bGExV1BDVQ  
 
[debug] [2020-03-10T21:43:30.453Z] <<< HTTP RESPONSE 200
[debug] [2020-03-10T21:43:32.457Z] >>> HTTP REQUEST GET https://cloudfunctions.googleapis.com/v1/operations/cmVjbHVzLTljNDg3L3VzLWNlbnRyYWwxL3dlbGNvbWVNYWlsMS96X3g3bGExV1BDVQ  
 
[debug] [2020-03-10T21:43:32.647Z] <<< HTTP RESPONSE 200
[debug] [2020-03-10T21:43:34.651Z] >>> HTTP REQUEST GET https://cloudfunctions.googleapis.com/v1/operations/cmVjbHVzLTljNDg3L3VzLWNlbnRyYWwxL3dlbGNvbWVNYWlsMS96X3g3bGExV1BDVQ  
 
[debug] [2020-03-10T21:43:34.900Z] <<< HTTP RESPONSE 200
[debug] [2020-03-10T21:43:36.904Z] >>> HTTP REQUEST GET https://cloudfunctions.googleapis.com/v1/operations/cmVjbHVzLTljNDg3L3VzLWNlbnRyYWwxL3dlbGNvbWVNYWlsMS96X3g3bGExV1BDVQ  
 
[debug] [2020-03-10T21:43:37.235Z] <<< HTTP RESPONSE 200
[debug] [2020-03-10T21:43:39.240Z] >>> HTTP REQUEST GET https://cloudfunctions.googleapis.com/v1/operations/cmVjbHVzLTljNDg3L3VzLWNlbnRyYWwxL3dlbGNvbWVNYWlsMS96X3g3bGExV1BDVQ  
 
[debug] [2020-03-10T21:43:39.572Z] <<< HTTP RESPONSE 200
[debug] [2020-03-10T21:43:41.576Z] >>> HTTP REQUEST GET https://cloudfunctions.googleapis.com/v1/operations/cmVjbHVzLTljNDg3L3VzLWNlbnRyYWwxL3dlbGNvbWVNYWlsMS96X3g3bGExV1BDVQ  
 
[debug] [2020-03-10T21:43:41.735Z] <<< HTTP RESPONSE 200
[debug] [2020-03-10T21:43:43.741Z] >>> HTTP REQUEST GET https://cloudfunctions.googleapis.com/v1/operations/cmVjbHVzLTljNDg3L3VzLWNlbnRyYWwxL3dlbGNvbWVNYWlsMS96X3g3bGExV1BDVQ  
 
[debug] [2020-03-10T21:43:43.911Z] <<< HTTP RESPONSE 200
[debug] [2020-03-10T21:43:45.916Z] >>> HTTP REQUEST GET https://cloudfunctions.googleapis.com/v1/operations/cmVjbHVzLTljNDg3L3VzLWNlbnRyYWwxL3dlbGNvbWVNYWlsMS96X3g3bGExV1BDVQ  
 
[debug] [2020-03-10T21:43:46.147Z] <<< HTTP RESPONSE 200
[debug] [2020-03-10T21:43:48.150Z] >>> HTTP REQUEST GET https://cloudfunctions.googleapis.com/v1/operations/cmVjbHVzLTljNDg3L3VzLWNlbnRyYWwxL3dlbGNvbWVNYWlsMS96X3g3bGExV1BDVQ  
 
[debug] [2020-03-10T21:43:48.518Z] <<< HTTP RESPONSE 200
[debug] [2020-03-10T21:43:50.521Z] >>> HTTP REQUEST GET https://cloudfunctions.googleapis.com/v1/operations/cmVjbHVzLTljNDg3L3VzLWNlbnRyYWwxL3dlbGNvbWVNYWlsMS96X3g3bGExV1BDVQ  
 
[debug] [2020-03-10T21:43:50.696Z] <<< HTTP RESPONSE 200
[debug] [2020-03-10T21:43:52.700Z] >>> HTTP REQUEST GET https://cloudfunctions.googleapis.com/v1/operations/cmVjbHVzLTljNDg3L3VzLWNlbnRyYWwxL3dlbGNvbWVNYWlsMS96X3g3bGExV1BDVQ  
 
[debug] [2020-03-10T21:43:52.872Z] <<< HTTP RESPONSE 200
[debug] [2020-03-10T21:43:54.878Z] >>> HTTP REQUEST GET https://cloudfunctions.googleapis.com/v1/operations/cmVjbHVzLTljNDg3L3VzLWNlbnRyYWwxL3dlbGNvbWVNYWlsMS96X3g3bGExV1BDVQ  
 
[debug] [2020-03-10T21:43:55.068Z] <<< HTTP RESPONSE 200
[debug] [2020-03-10T21:43:57.072Z] >>> HTTP REQUEST GET https://cloudfunctions.googleapis.com/v1/operations/cmVjbHVzLTljNDg3L3VzLWNlbnRyYWwxL3dlbGNvbWVNYWlsMS96X3g3bGExV1BDVQ  
 
[debug] [2020-03-10T21:43:57.496Z] <<< HTTP RESPONSE 200
[info] ✔  functions[welcomeMail1(us-central1)]: Successful create operation. 
[info] 
[info] ✔  Deploy complete!
[info] 
[info] Project Console: https://console.firebase.google.com/project/reclus-9c487/overview
